<?xml version="1.0" encoding="UTF-8"?>
<!-- Generated by org.testng.reporters.JUnitReportReporter -->
<testsuite hostname="DESKTOP-O9I3T38" failures="0" tests="1" name="PractiseDemo.SelectNewsfromList" time="21.375" errors="0" timestamp="2024-02-02T18:13:56 IST" skipped="0">
  <testcase classname="PractiseDemo.SelectNewsfromList" name="Verify_user_should_Select_Item_from_List" time="21.375"/>
</testsuite> <!-- PractiseDemo.SelectNewsfromList -->
