<?xml version="1.0" encoding="UTF-8"?>
<!-- Generated by org.testng.reporters.JUnitReportReporter -->
<testsuite hostname="DESKTOP-O9I3T38" failures="0" tests="1" name="TestNGDemo.practicePage" time="7.077" errors="0" timestamp="2024-01-04T15:47:33 IST" skipped="0">
  <testcase classname="TestNGDemo.practicePage" name="Checkbox" time="7.077"/>
</testsuite> <!-- TestNGDemo.practicePage -->
