<?xml version="1.0" encoding="UTF-8"?>
<!-- Generated by org.testng.reporters.JUnitReportReporter -->
<testsuite hostname="DESKTOP-O9I3T38" failures="0" tests="1" name="TestNGDemo.Demo_Checkboxtformtable" time="14.742" errors="0" timestamp="2024-02-02T15:04:51 IST" skipped="0">
  <testcase classname="TestNGDemo.Demo_Checkboxtformtable" name="Method_Check_box" time="14.742"/>
</testsuite> <!-- TestNGDemo.Demo_Checkboxtformtable -->
