<?xml version="1.0" encoding="UTF-8"?>
<!-- Generated by org.testng.reporters.JUnitReportReporter -->
<testsuite hostname="DESKTOP-O9I3T38" failures="0" tests="1" name="pageObject.TestDemo" time="15.025" errors="0" timestamp="2024-01-27T01:00:33 IST" skipped="0">
  <testcase classname="pageObject.TestDemo" name="click_lastnews" time="15.025"/>
</testsuite> <!-- pageObject.TestDemo -->
