<?xml version="1.0" encoding="UTF-8"?>
<!-- Generated by org.testng.reporters.JUnitReportReporter -->
<testsuite hostname="DESKTOP-O9I3T38" failures="0" tests="1" name="PractiseDemo.CheckboxList" time="7.274" errors="0" timestamp="2024-02-02T15:45:02 IST" skipped="0">
  <testcase classname="PractiseDemo.CheckboxList" name="CheckItemFromList" time="7.274"/>
</testsuite> <!-- PractiseDemo.CheckboxList -->
