<?xml version="1.0" encoding="UTF-8"?>
<!-- Generated by org.testng.reporters.JUnitReportReporter -->
<testsuite hostname="DESKTOP-O9I3T38" failures="0" tests="1" name="PractiseDemo.Demo_Checkboxtformtable" time="13.966" errors="0" timestamp="2024-02-02T15:41:33 IST" skipped="0">
  <testcase classname="PractiseDemo.Demo_Checkboxtformtable" name="Method_Check_box" time="13.966"/>
</testsuite> <!-- PractiseDemo.Demo_Checkboxtformtable -->
