<?xml version="1.0" encoding="UTF-8"?>
<!-- Generated by org.testng.reporters.JUnitReportReporter -->
<testsuite hostname="DESKTOP-O9I3T38" failures="0" tests="5" name="TestNGDemo.ParallelTest" time="0.005" errors="0" timestamp="2023-07-16T10:24:28 IST" skipped="0">
  <testcase classname="TestNGDemo.ParallelTest" name="Test_4" time="0.001"/>
  <testcase classname="TestNGDemo.ParallelTest" name="Test_5" time="0.001"/>
  <testcase classname="TestNGDemo.ParallelTest" name="Test_3" time="0.001"/>
  <testcase classname="TestNGDemo.ParallelTest" name="Test_2" time="0.001"/>
  <testcase classname="TestNGDemo.ParallelTest" name="Test_1" time="0.001"/>
</testsuite> <!-- TestNGDemo.ParallelTest -->
