<?xml version="1.0" encoding="UTF-8"?>
<!-- Generated by org.testng.reporters.JUnitReportReporter -->
<testsuite hostname="DESKTOP-O9I3T38" failures="0" tests="1" name="TestNGDemo.SelectItem" time="8.049" errors="0" timestamp="2024-01-04T14:28:13 IST" skipped="0">
  <testcase classname="TestNGDemo.SelectItem" name="VerifyCheck_box" time="8.049"/>
</testsuite> <!-- TestNGDemo.SelectItem -->
