<?xml version="1.0" encoding="UTF-8"?>
<!-- Generated by org.testng.reporters.JUnitReportReporter -->
<testsuite hostname="DESKTOP-O9I3T38" failures="0" tests="1" name="SeleniumDemoProgram.SelectNewsfromList" time="8.719" errors="0" timestamp="2024-01-27T13:34:42 IST" skipped="0">
  <testcase classname="SeleniumDemoProgram.SelectNewsfromList" name="Verify_user_should_Select_Item_from_List" time="8.719"/>
</testsuite> <!-- SeleniumDemoProgram.SelectNewsfromList -->
