<?xml version="1.0" encoding="UTF-8"?>
<!-- Generated by org.testng.reporters.JUnitReportReporter -->
<testsuite hostname="DESKTOP-O9I3T38" failures="0" tests="1" name="WindowHandles" time="7.214" errors="0" timestamp="2024-02-03T15:09:04 IST" skipped="0">
  <testcase classname="WindowHandles" name="windowHandle" time="7.214"/>
</testsuite> <!-- WindowHandles -->
