<?xml version="1.0" encoding="UTF-8"?>
<!-- Generated by org.testng.reporters.JUnitReportReporter -->
<testsuite hostname="DESKTOP-O9I3T38" failures="0" tests="1" name="SeleniumDemoProgram.Test1" time="5.109" errors="0" timestamp="2024-01-28T18:29:41 IST" skipped="0">
  <testcase classname="SeleniumDemoProgram.Test1" name="method1" time="5.109"/>
</testsuite> <!-- SeleniumDemoProgram.Test1 -->
