<?xml version="1.0" encoding="UTF-8"?>
<!-- Generated by org.testng.reporters.JUnitReportReporter -->
<testsuite hostname="DESKTOP-O9I3T38" failures="0" tests="1" name="TestNGDemo.CheckboxList" time="14.576" errors="0" timestamp="2024-01-25T08:37:21 IST" skipped="0">
  <testcase classname="TestNGDemo.CheckboxList" name="CheckItemFromList" time="14.576"/>
</testsuite> <!-- TestNGDemo.CheckboxList -->
