<?xml version="1.0" encoding="UTF-8"?>
<!-- Generated by org.testng.reporters.JUnitReportReporter -->
<testsuite hostname="DESKTOP-O9I3T38" failures="0" tests="1" name="Demojavaprog.TestDemo14" time="0.013" errors="0" timestamp="2024-01-20T04:48:36 IST" skipped="0">
  <testcase classname="Demojavaprog.TestDemo14" name="method" time="0.013"/>
</testsuite> <!-- Demojavaprog.TestDemo14 -->
