<?xml version="1.0" encoding="UTF-8"?>
<!-- Generated by org.testng.reporters.JUnitReportReporter -->
<testsuite hostname="DESKTOP-O9I3T38" failures="0" tests="1" name="JavaProgramExample.Example_SelectNames_search_list" time="4.541" errors="0" timestamp="2024-01-18T08:57:12 IST" skipped="0">
  <testcase classname="JavaProgramExample.Example_SelectNames_search_list" name="search_example" time="4.541"/>
</testsuite> <!-- JavaProgramExample.Example_SelectNames_search_list -->
