<?xml version="1.0" encoding="UTF-8"?>
<!-- Generated by org.testng.reporters.JUnitReportReporter -->
<testsuite hostname="DESKTOP-O9I3T38" failures="0" tests="1" name="TestNGDemo.SelectCheckBoxFromTable" time="12.383" errors="0" timestamp="2023-12-13T19:57:30 IST" skipped="0">
  <testcase classname="TestNGDemo.SelectCheckBoxFromTable" name="CheckboxValidation" time="12.383"/>
</testsuite> <!-- TestNGDemo.SelectCheckBoxFromTable -->
