<?xml version="1.0" encoding="UTF-8"?>
<!-- Generated by org.testng.reporters.JUnitReportReporter -->
<testsuite hostname="DESKTOP-O9I3T38" failures="0" tests="1" name="PractiseDemo.print_all_linkpresenton_Page" time="31.514" errors="0" timestamp="2024-02-02T17:03:22 IST" skipped="0">
  <testcase classname="PractiseDemo.print_all_linkpresenton_Page" name="print_Element" time="31.514"/>
</testsuite> <!-- PractiseDemo.print_all_linkpresenton_Page -->
