<?xml version="1.0" encoding="UTF-8"?>
<!-- Generated by org.testng.reporters.JUnitReportReporter -->
<testsuite hostname="DESKTOP-O9I3T38" failures="0" tests="1" name="PractiseDemo.practicePage" time="6.796" errors="0" timestamp="2024-02-03T08:49:46 IST" skipped="0">
  <testcase classname="PractiseDemo.practicePage" name="checkbrokenLink" time="6.796"/>
</testsuite> <!-- PractiseDemo.practicePage -->
