<?xml version="1.0" encoding="UTF-8"?>
<!-- Generated by org.testng.reporters.JUnitReportReporter -->
<testsuite hostname="DESKTOP-O9I3T38" failures="0" tests="1" name="PractiseDemo.UpdateNakuri" time="21.435" errors="0" timestamp="2024-02-06T09:17:29 IST" skipped="0">
  <testcase classname="PractiseDemo.UpdateNakuri" name="Update_profile" time="21.435"/>
</testsuite> <!-- PractiseDemo.UpdateNakuri -->
