<?xml version="1.0" encoding="UTF-8"?>
<!-- Generated by org.testng.reporters.JUnitReportReporter -->
<testsuite hostname="DESKTOP-O9I3T38" failures="0" tests="1" name="SeleniumDemoProgram.print_all_linkpresenton_Page" time="43.798" errors="0" timestamp="2024-02-02T15:07:39 IST" skipped="0">
  <testcase classname="SeleniumDemoProgram.print_all_linkpresenton_Page" name="print_Element" time="43.798"/>
</testsuite> <!-- SeleniumDemoProgram.print_all_linkpresenton_Page -->
