<?xml version="1.0" encoding="UTF-8"?>
<!-- Generated by org.testng.reporters.JUnitReportReporter -->
<testsuite hostname="DESKTOP-O9I3T38" failures="0" tests="1" name="RestAssuredTest.RestTestExample_priceValidation" time="1.819" errors="0" timestamp="2023-12-11T22:50:05 IST" skipped="0">
  <testcase classname="RestAssuredTest.RestTestExample_priceValidation" name="Validation" time="1.819"/>
</testsuite> <!-- RestAssuredTest.RestTestExample_priceValidation -->
