<?xml version="1.0" encoding="UTF-8"?>
<!-- Generated by org.testng.reporters.JUnitReportReporter -->
<testsuite hostname="DESKTOP-O9I3T38" failures="0" tests="1" name="RestAssuredTest.RestTestExample3" time="8.211" errors="0" timestamp="2024-02-02T18:09:07 IST" skipped="0">
  <testcase classname="RestAssuredTest.RestTestExample3" name="CheckRest" time="8.211"/>
</testsuite> <!-- RestAssuredTest.RestTestExample3 -->
