<?xml version="1.0" encoding="UTF-8"?>
<!-- Generated by org.testng.reporters.JUnitReportReporter -->
<testsuite hostname="DESKTOP-O9I3T38" failures="0" tests="1" name="RestAssuredTest.TestAssrudAPI" time="3.959" errors="0" timestamp="2024-01-08T21:03:10 IST" skipped="0">
  <testcase classname="RestAssuredTest.TestAssrudAPI" name="Test_API_ADD_place" time="3.959"/>
</testsuite> <!-- RestAssuredTest.TestAssrudAPI -->
