<?xml version="1.0" encoding="UTF-8"?>
<!-- Generated by org.testng.reporters.JUnitReportReporter -->
<testsuite hostname="DESKTOP-O9I3T38" failures="0" tests="1" name="Rest2024.dummyRestTest" time="1.853" errors="0" timestamp="2024-02-02T14:56:44 IST" skipped="0">
  <testcase classname="Rest2024.dummyRestTest" name="testmethod1" time="1.853"/>
</testsuite> <!-- Rest2024.dummyRestTest -->
