<?xml version="1.0" encoding="UTF-8"?>
<!-- Generated by org.testng.reporters.JUnitReportReporter -->
<testsuite hostname="DESKTOP-O9I3T38" failures="0" tests="1" name="RestAssuredTest.RestTestExample" time="3.228" errors="0" timestamp="2024-01-10T17:03:16 IST" skipped="0">
  <testcase classname="RestAssuredTest.RestTestExample" name="test1" time="3.228"/>
</testsuite> <!-- RestAssuredTest.RestTestExample -->
