<?xml version="1.0" encoding="UTF-8"?>
<!-- Generated by org.testng.reporters.JUnitReportReporter -->
<testsuite hostname="DESKTOP-O9I3T38" failures="0" tests="1" name="DemoRestAssuredpractice.DemoTest_get" time="1.342" errors="0" timestamp="2024-01-12T09:50:44 IST" skipped="0">
  <testcase classname="DemoRestAssuredpractice.DemoTest_get" name="Get_method" time="1.342"/>
</testsuite> <!-- DemoRestAssuredpractice.DemoTest_get -->
