<?xml version="1.0" encoding="UTF-8"?>
<!-- Generated by org.testng.reporters.JUnitReportReporter -->
<testsuite hostname="DESKTOP-O9I3T38" failures="0" tests="1" name="Automation.SelectI_temfrom_SearchList_google" time="7.755" errors="0" timestamp="2024-02-06T08:59:06 IST" skipped="0">
  <testcase classname="Automation.SelectI_temfrom_SearchList_google" name="SelectItem" time="7.755"/>
</testsuite> <!-- Automation.SelectI_temfrom_SearchList_google -->
