<?xml version="1.0" encoding="UTF-8"?>
<!-- Generated by org.testng.reporters.JUnitReportReporter -->
<testsuite hostname="DESKTOP-O9I3T38" failures="0" tests="1" name="Automation.CountLinksDemo" time="5.562" errors="0" timestamp="2024-01-29T13:40:12 IST" skipped="0">
  <testcase classname="Automation.CountLinksDemo" name="CountAllLink" time="5.562"/>
</testsuite> <!-- Automation.CountLinksDemo -->
